[1225/083922.466:ERROR:directory_reader_win.cc(43)] FindFirstFile: The system cannot find the path specified. (0x3)
[1225/095726.664:ERROR:process_info.cc(359)] UncheckedAllocate
[1225/095726.899:ERROR:filesystem_win.cc(148)] DeleteFile C:\Users\tarun\AppData\Local\Google\Chrome\User Data\Crashpad\reports\b8865519-6c20-4cee-9eef-a1845c65735d.dmp: The process cannot access the file because it is being used by another process. (0x20)
[1227/082806.692:ERROR:directory_reader_win.cc(43)] FindFirstFile: The system cannot find the path specified. (0x3)
[1228/204920.680:ERROR:process_reader_win.cc(123)] NtOpenThread: {Access Denied} A process has requested access to an object, but has not been granted those access rights. (0xc0000022)
[1228/204920.672:ERROR:process_reader_win.cc(123)] NtOpenThread: {Access Denied} A process has requested access to an object, but has not been granted those access rights. (0xc0000022)
[1228/204920.656:ERROR:process_reader_win.cc(123)] NtOpenThread: {Access Denied} A process has requested access to an object, but has not been granted those access rights. (0xc0000022)
[1228/204920.680:ERROR:process_reader_win.cc(123)] NtOpenThread: {Access Denied} A process has requested access to an object, but has not been granted those access rights. (0xc0000022)
[1228/204920.664:ERROR:process_reader_win.cc(123)] NtOpenThread: {Access Denied} A process has requested access to an object, but has not been granted those access rights. (0xc0000022)
[1228/204920.664:ERROR:process_reader_win.cc(123)] NtOpenThread: {Access Denied} A process has requested access to an object, but has not been granted those access rights. (0xc0000022)
[1228/204920.704:ERROR:exception_snapshot_win.cc(99)] thread ID 23164 not found in process
[1228/204920.656:ERROR:process_reader_win.cc(123)] NtOpenThread: {Access Denied} A process has requested access to an object, but has not been granted those access rights. (0xc0000022)
[1228/204920.704:ERROR:exception_snapshot_win.cc(99)] thread ID 22824 not found in process
[1228/204920.704:ERROR:exception_snapshot_win.cc(99)] thread ID 7448 not found in process
[1228/204920.680:ERROR:process_reader_win.cc(123)] NtOpenThread: {Access Denied} A process has requested access to an object, but has not been granted those access rights. (0xc0000022)
[1228/204920.704:ERROR:exception_snapshot_win.cc(99)] thread ID 23368 not found in process
[1228/204920.704:ERROR:exception_snapshot_win.cc(99)] thread ID 9000 not found in process
[1228/204920.704:ERROR:exception_snapshot_win.cc(99)] thread ID 20140 not found in process
[1228/204920.704:ERROR:exception_snapshot_win.cc(99)] thread ID 13640 not found in process
[1228/204920.704:ERROR:exception_snapshot_win.cc(99)] thread ID 10220 not found in process
[1228/204920.712:ERROR:process_reader_win.cc(123)] NtOpenThread: {Access Denied} A process has requested access to an object, but has not been granted those access rights. (0xc0000022)
[1228/204920.712:ERROR:exception_snapshot_win.cc(99)] thread ID 1368 not found in process
[1228/204920.787:ERROR:process_reader_win.cc(123)] NtOpenThread: {Access Denied} A process has requested access to an object, but has not been granted those access rights. (0xc0000022)
[1228/204920.787:ERROR:exception_snapshot_win.cc(99)] thread ID 5820 not found in process
[1228/204920.787:ERROR:process_reader_win.cc(123)] NtOpenThread: {Access Denied} A process has requested access to an object, but has not been granted those access rights. (0xc0000022)
[1228/204920.787:ERROR:exception_snapshot_win.cc(99)] thread ID 16976 not found in process
[1228/204920.787:ERROR:process_reader_win.cc(123)] NtOpenThread: {Access Denied} A process has requested access to an object, but has not been granted those access rights. (0xc0000022)
[1228/204920.787:ERROR:exception_snapshot_win.cc(99)] thread ID 19556 not found in process
[1228/204920.787:ERROR:process_reader_win.cc(123)] NtOpenThread: {Access Denied} A process has requested access to an object, but has not been granted those access rights. (0xc0000022)
[1228/204920.787:ERROR:exception_snapshot_win.cc(99)] thread ID 8496 not found in process
[1228/204920.811:ERROR:process_reader_win.cc(123)] NtOpenThread: {Access Denied} A process has requested access to an object, but has not been granted those access rights. (0xc0000022)
[1228/204920.811:ERROR:exception_snapshot_win.cc(99)] thread ID 22372 not found in process
[1228/204920.827:ERROR:process_reader_win.cc(123)] NtOpenThread: {Access Denied} A process has requested access to an object, but has not been granted those access rights. (0xc0000022)
[1228/204920.827:ERROR:exception_snapshot_win.cc(99)] thread ID 23596 not found in process
[1228/204920.827:ERROR:process_reader_win.cc(123)] NtOpenThread: {Access Denied} A process has requested access to an object, but has not been granted those access rights. (0xc0000022)
[1228/204920.827:ERROR:exception_snapshot_win.cc(99)] thread ID 22420 not found in process
[0101/204657.815:ERROR:directory_reader_win.cc(43)] FindFirstFile: The system cannot find the path specified. (0x3)
